2023-06-20_20:18:59 [restartedMain] INFO  c.n.b.c.ContactIdentityServiceApplication - Starting ContactIdentityServiceApplication using Java 11.0.9 on LAPTOP-M0KEA9MF with PID 5740 (D:\Neha\BiteSpeed\contact-identity-service\target\classes started by HP in D:\Neha\BiteSpeed\contact-identity-service)
2023-06-20_20:18:59 [restartedMain] INFO  c.n.b.c.ContactIdentityServiceApplication - No active profile set, falling back to 1 default profile: "default"
2023-06-20_20:18:59 [restartedMain] INFO  o.s.d.r.c.RepositoryConfigurationDelegate - Bootstrapping Spring Data JPA repositories in DEFAULT mode.
2023-06-20_20:18:59 [restartedMain] INFO  o.s.d.r.c.RepositoryConfigurationDelegate - Finished Spring Data repository scanning in 11 ms. Found 1 JPA repository interfaces.
2023-06-20_20:18:59 [restartedMain] INFO  o.s.b.w.e.tomcat.TomcatWebServer - Tomcat initialized with port(s): 8000 (http)
2023-06-20_20:18:59 [restartedMain] INFO  o.a.catalina.core.StandardService - Starting service [Tomcat]
2023-06-20_20:18:59 [restartedMain] INFO  o.a.catalina.core.StandardEngine - Starting Servlet engine: [Apache Tomcat/9.0.75]
2023-06-20_20:18:59 [restartedMain] INFO  o.a.c.c.C.[.[localhost].[/contact] - Initializing Spring embedded WebApplicationContext
2023-06-20_20:18:59 [restartedMain] INFO  o.s.b.w.s.c.ServletWebServerApplicationContext - Root WebApplicationContext: initialization completed in 834 ms
2023-06-20_20:18:59 [restartedMain] INFO  com.zaxxer.hikari.HikariDataSource - HikariPool-20 - Starting...
2023-06-20_20:18:59 [restartedMain] INFO  com.zaxxer.hikari.HikariDataSource - HikariPool-20 - Start completed.
2023-06-20_20:18:59 [restartedMain] INFO  o.s.b.a.h.H2ConsoleAutoConfiguration - H2 console available at '/db'. Database available at 'jdbc:h2:mem:contactDB'
2023-06-20_20:18:59 [restartedMain] INFO  o.h.jpa.internal.util.LogHelper - HHH000204: Processing PersistenceUnitInfo [name: default]
2023-06-20_20:18:59 [restartedMain] INFO  org.hibernate.dialect.Dialect - HHH000400: Using dialect: org.hibernate.dialect.H2Dialect
2023-06-20_20:18:59 [restartedMain] INFO  o.h.e.t.j.p.i.JtaPlatformInitiator - HHH000490: Using JtaPlatform implementation: [org.hibernate.engine.transaction.jta.platform.internal.NoJtaPlatform]
2023-06-20_20:18:59 [restartedMain] INFO  o.s.o.j.LocalContainerEntityManagerFactoryBean - Initialized JPA EntityManagerFactory for persistence unit 'default'
2023-06-20_20:18:59 [restartedMain] INFO  o.s.b.d.a.OptionalLiveReloadServer - LiveReload server is running on port 35729
2023-06-20_20:18:59 [restartedMain] INFO  o.s.b.a.e.web.EndpointLinksResolver - Exposing 1 endpoint(s) beneath base path '/actuator'
2023-06-20_20:18:59 [restartedMain] INFO  o.s.b.w.e.tomcat.TomcatWebServer - Tomcat started on port(s): 8000 (http) with context path '/contact'
2023-06-20_20:18:59 [restartedMain] INFO  c.n.b.c.ContactIdentityServiceApplication - Started ContactIdentityServiceApplication in 1.985 seconds (JVM running for 3521.435)
2023-06-20_20:18:59 [restartedMain] INFO  o.s.b.d.a.ConditionEvaluationDeltaLoggingListener - Condition evaluation unchanged
2023-06-20_20:18:59 [File Watcher] INFO  o.s.b.d.a.LocalDevToolsAutoConfiguration$RestartingClassPathChangeChangedEventListener - Restarting due to 1 class path change (0 additions, 0 deletions, 1 modification)
2023-06-20_20:18:59 [Thread-80] INFO  o.a.catalina.core.StandardService - Stopping service [Tomcat]
2023-06-20_20:18:59 [Thread-80] INFO  o.s.o.j.LocalContainerEntityManagerFactoryBean - Closing JPA EntityManagerFactory for persistence unit 'default'
2023-06-20_20:18:59 [Thread-80] INFO  o.h.t.s.i.SchemaDropperImpl$DelayedDropActionImpl - HHH000477: Starting delayed evictData of schema as part of SessionFactory shut-down'
2023-06-20_20:18:59 [Thread-80] INFO  com.zaxxer.hikari.HikariDataSource - HikariPool-20 - Shutdown initiated...
2023-06-20_20:18:59 [Thread-80] INFO  com.zaxxer.hikari.HikariDataSource - HikariPool-20 - Shutdown completed.
2023-06-20_20:20:51 [restartedMain] INFO  c.n.b.c.ContactIdentityServiceApplication - Starting ContactIdentityServiceApplication using Java 11.0.9 on LAPTOP-M0KEA9MF with PID 5740 (D:\Neha\BiteSpeed\contact-identity-service\target\classes started by HP in D:\Neha\BiteSpeed\contact-identity-service)
2023-06-20_20:20:51 [restartedMain] INFO  c.n.b.c.ContactIdentityServiceApplication - No active profile set, falling back to 1 default profile: "default"
2023-06-20_20:20:51 [restartedMain] INFO  o.s.d.r.c.RepositoryConfigurationDelegate - Bootstrapping Spring Data JPA repositories in DEFAULT mode.
2023-06-20_20:20:51 [restartedMain] INFO  o.s.d.r.c.RepositoryConfigurationDelegate - Finished Spring Data repository scanning in 8 ms. Found 1 JPA repository interfaces.
2023-06-20_20:20:51 [restartedMain] INFO  o.s.b.w.e.tomcat.TomcatWebServer - Tomcat initialized with port(s): 8000 (http)
2023-06-20_20:20:51 [restartedMain] INFO  o.a.catalina.core.StandardService - Starting service [Tomcat]
2023-06-20_20:20:51 [restartedMain] INFO  o.a.catalina.core.StandardEngine - Starting Servlet engine: [Apache Tomcat/9.0.75]
2023-06-20_20:20:51 [restartedMain] INFO  o.a.c.c.C.[.[localhost].[/contact] - Initializing Spring embedded WebApplicationContext
2023-06-20_20:20:51 [restartedMain] INFO  o.s.b.w.s.c.ServletWebServerApplicationContext - Root WebApplicationContext: initialization completed in 282 ms
2023-06-20_20:20:51 [restartedMain] INFO  com.zaxxer.hikari.HikariDataSource - HikariPool-21 - Starting...
2023-06-20_20:20:51 [restartedMain] INFO  com.zaxxer.hikari.HikariDataSource - HikariPool-21 - Start completed.
2023-06-20_20:20:51 [restartedMain] INFO  o.s.b.a.h.H2ConsoleAutoConfiguration - H2 console available at '/db'. Database available at 'jdbc:h2:mem:contactDB'
2023-06-20_20:20:51 [restartedMain] INFO  o.s.o.j.LocalContainerEntityManagerFactoryBean - Initialized JPA EntityManagerFactory for persistence unit 'default'
2023-06-20_20:20:51 [restartedMain] INFO  o.s.b.d.a.OptionalLiveReloadServer - LiveReload server is running on port 35729
2023-06-20_20:20:51 [restartedMain] INFO  o.s.b.a.e.web.EndpointLinksResolver - Exposing 1 endpoint(s) beneath base path '/actuator'
2023-06-20_20:20:51 [restartedMain] INFO  o.s.b.w.e.tomcat.TomcatWebServer - Tomcat started on port(s): 8000 (http) with context path '/contact'
2023-06-20_20:20:51 [restartedMain] INFO  c.n.b.c.ContactIdentityServiceApplication - Started ContactIdentityServiceApplication in 0.577 seconds (JVM running for 3631.884)
2023-06-20_20:20:51 [restartedMain] INFO  o.s.b.d.a.ConditionEvaluationDeltaLoggingListener - Condition evaluation unchanged
2023-06-20_20:20:51 [http-nio-8000-exec-2] INFO  o.a.c.c.C.[.[localhost].[/contact] - Initializing Spring DispatcherServlet 'dispatcherServlet'
2023-06-20_20:20:51 [http-nio-8000-exec-2] INFO  o.s.web.servlet.DispatcherServlet - Initializing Servlet 'dispatcherServlet'
2023-06-20_20:20:51 [http-nio-8000-exec-2] INFO  o.s.web.servlet.DispatcherServlet - Completed initialization in 3 ms
2023-06-20_20:20:51 [http-nio-8000-exec-2] INFO  c.n.b.c.s.ContactIdentityServiceImpl - created Primary contact with id: 1
2023-06-20_20:20:51 [http-nio-8000-exec-3] INFO  c.n.b.c.s.ContactIdentityServiceImpl - linked contact not present for existing contact
2023-06-20_20:20:51 [http-nio-8000-exec-3] INFO  c.n.b.c.s.ContactIdentityServiceImpl - created Secondary contact with id: 2
2023-06-20_20:20:51 [http-nio-8000-exec-4] INFO  c.n.b.c.s.ContactIdentityServiceImpl - linked contact not present for existing contact
2023-06-20_20:20:51 [http-nio-8000-exec-5] INFO  c.n.b.c.s.ContactIdentityServiceImpl - linked contact present for existing contact
2023-06-20_20:20:51 [http-nio-8000-exec-6] INFO  c.n.b.c.s.ContactIdentityServiceImpl - linked contact not present for existing contact
2023-06-20_20:20:51 [http-nio-8000-exec-9] INFO  c.n.b.c.s.ContactIdentityServiceImpl - created Primary contact with id: 3
2023-06-20_20:20:51 [http-nio-8000-exec-10] INFO  c.n.b.c.s.ContactIdentityServiceImpl - updated contact with id: 3 to secondary
2023-06-20_20:43:11 [restartedMain] INFO  c.n.b.c.ContactIdentityServiceApplication - Starting ContactIdentityServiceApplication using Java 11.0.9 on LAPTOP-M0KEA9MF with PID 10244 (D:\Neha\BiteSpeed\contact-identity-service\target\classes started by HP in D:\Neha\BiteSpeed\contact-identity-service)
2023-06-20_20:43:11 [restartedMain] INFO  c.n.b.c.ContactIdentityServiceApplication - No active profile set, falling back to 1 default profile: "default"
2023-06-20_20:43:11 [restartedMain] INFO  o.s.b.d.e.DevToolsPropertyDefaultsPostProcessor - Devtools property defaults active! Set 'spring.devtools.add-properties' to 'false' to disable
2023-06-20_20:43:11 [restartedMain] INFO  o.s.b.d.e.DevToolsPropertyDefaultsPostProcessor - For additional web related logging consider setting the 'logging.level.web' property to 'DEBUG'
2023-06-20_20:43:11 [restartedMain] INFO  o.s.d.r.c.RepositoryConfigurationDelegate - Bootstrapping Spring Data JPA repositories in DEFAULT mode.
2023-06-20_20:43:11 [restartedMain] INFO  o.s.d.r.c.RepositoryConfigurationDelegate - Finished Spring Data repository scanning in 89 ms. Found 1 JPA repository interfaces.
2023-06-20_20:43:11 [restartedMain] INFO  o.s.b.w.e.tomcat.TomcatWebServer - Tomcat initialized with port(s): 8000 (http)
2023-06-20_20:43:11 [restartedMain] INFO  o.a.coyote.http11.Http11NioProtocol - Initializing ProtocolHandler ["http-nio-8000"]
2023-06-20_20:43:11 [restartedMain] INFO  o.a.catalina.core.StandardService - Starting service [Tomcat]
2023-06-20_20:43:11 [restartedMain] INFO  o.a.catalina.core.StandardEngine - Starting Servlet engine: [Apache Tomcat/9.0.75]
2023-06-20_20:43:11 [restartedMain] INFO  o.a.c.c.C.[.[localhost].[/contact] - Initializing Spring embedded WebApplicationContext
2023-06-20_20:43:11 [restartedMain] INFO  o.s.b.w.s.c.ServletWebServerApplicationContext - Root WebApplicationContext: initialization completed in 3533 ms
2023-06-20_20:43:11 [restartedMain] INFO  com.zaxxer.hikari.HikariDataSource - HikariPool-1 - Starting...
2023-06-20_20:43:11 [restartedMain] INFO  com.zaxxer.hikari.HikariDataSource - HikariPool-1 - Start completed.
2023-06-20_20:43:11 [restartedMain] INFO  o.s.b.a.h.H2ConsoleAutoConfiguration - H2 console available at '/db'. Database available at 'jdbc:h2:mem:contactDB'
2023-06-20_20:43:11 [restartedMain] INFO  o.s.o.j.LocalContainerEntityManagerFactoryBean - Initialized JPA EntityManagerFactory for persistence unit 'default'
2023-06-20_20:43:11 [restartedMain] INFO  o.s.b.d.a.OptionalLiveReloadServer - LiveReload server is running on port 35729
2023-06-20_20:43:11 [restartedMain] INFO  o.s.b.a.e.web.EndpointLinksResolver - Exposing 1 endpoint(s) beneath base path '/actuator'
2023-06-20_20:43:11 [restartedMain] INFO  o.a.coyote.http11.Http11NioProtocol - Starting ProtocolHandler ["http-nio-8000"]
2023-06-20_20:43:11 [restartedMain] INFO  o.s.b.w.e.tomcat.TomcatWebServer - Tomcat started on port(s): 8000 (http) with context path '/contact'
2023-06-20_20:43:11 [restartedMain] INFO  c.n.b.c.ContactIdentityServiceApplication - Started ContactIdentityServiceApplication in 8.52 seconds (JVM running for 9.552)
2023-06-20_20:43:11 [http-nio-8000-exec-1] INFO  o.a.c.c.C.[.[localhost].[/contact] - Initializing Spring DispatcherServlet 'dispatcherServlet'
2023-06-20_20:43:11 [http-nio-8000-exec-1] INFO  o.s.web.servlet.DispatcherServlet - Initializing Servlet 'dispatcherServlet'
2023-06-20_20:43:11 [http-nio-8000-exec-1] INFO  o.s.web.servlet.DispatcherServlet - Completed initialization in 5 ms
2023-06-20_20:43:11 [http-nio-8000-exec-10] INFO  o.s.api.AbstractOpenApiResource - Init duration for springdoc-openapi is: 612 ms
2023-06-20_20:43:11 [File Watcher] INFO  o.s.b.d.a.LocalDevToolsAutoConfiguration$RestartingClassPathChangeChangedEventListener - Restarting due to 1 class path change (0 additions, 0 deletions, 1 modification)
2023-06-20_20:43:11 [Thread-6] INFO  o.a.coyote.http11.Http11NioProtocol - Pausing ProtocolHandler ["http-nio-8000"]
2023-06-20_20:43:11 [Thread-6] INFO  o.a.catalina.core.StandardService - Stopping service [Tomcat]
2023-06-20_20:43:11 [Thread-6] INFO  o.a.c.c.C.[.[localhost].[/contact] - Destroying Spring FrameworkServlet 'dispatcherServlet'
2023-06-20_20:43:11 [Thread-6] INFO  o.a.coyote.http11.Http11NioProtocol - Stopping ProtocolHandler ["http-nio-8000"]
2023-06-20_20:43:11 [Thread-6] INFO  o.a.coyote.http11.Http11NioProtocol - Destroying ProtocolHandler ["http-nio-8000"]
2023-06-20_20:43:11 [Thread-6] INFO  o.s.o.j.LocalContainerEntityManagerFactoryBean - Closing JPA EntityManagerFactory for persistence unit 'default'
2023-06-20_20:43:11 [Thread-6] INFO  com.zaxxer.hikari.HikariDataSource - HikariPool-1 - Shutdown initiated...
2023-06-20_20:43:11 [Thread-6] INFO  com.zaxxer.hikari.HikariDataSource - HikariPool-1 - Shutdown completed.
2023-06-20_20:45:01 [restartedMain] INFO  c.n.b.c.ContactIdentityServiceApplication - Starting ContactIdentityServiceApplication using Java 11.0.9 on LAPTOP-M0KEA9MF with PID 10244 (D:\Neha\BiteSpeed\contact-identity-service\target\classes started by HP in D:\Neha\BiteSpeed\contact-identity-service)
2023-06-20_20:45:01 [restartedMain] INFO  c.n.b.c.ContactIdentityServiceApplication - No active profile set, falling back to 1 default profile: "default"
2023-06-20_20:45:01 [restartedMain] INFO  o.s.d.r.c.RepositoryConfigurationDelegate - Bootstrapping Spring Data JPA repositories in DEFAULT mode.
2023-06-20_20:45:01 [restartedMain] INFO  o.s.d.r.c.RepositoryConfigurationDelegate - Finished Spring Data repository scanning in 19 ms. Found 1 JPA repository interfaces.
2023-06-20_20:45:01 [restartedMain] INFO  o.s.b.w.e.tomcat.TomcatWebServer - Tomcat initialized with port(s): 8000 (http)
2023-06-20_20:45:01 [restartedMain] INFO  o.a.coyote.http11.Http11NioProtocol - Initializing ProtocolHandler ["http-nio-8000"]
2023-06-20_20:45:01 [restartedMain] INFO  o.a.catalina.core.StandardService - Starting service [Tomcat]
2023-06-20_20:45:01 [restartedMain] INFO  o.a.catalina.core.StandardEngine - Starting Servlet engine: [Apache Tomcat/9.0.75]
2023-06-20_20:45:01 [restartedMain] INFO  o.a.c.c.C.[.[localhost].[/contact] - Initializing Spring embedded WebApplicationContext
2023-06-20_20:45:01 [restartedMain] INFO  o.s.b.w.s.c.ServletWebServerApplicationContext - Root WebApplicationContext: initialization completed in 787 ms
2023-06-20_20:45:01 [restartedMain] INFO  com.zaxxer.hikari.HikariDataSource - HikariPool-2 - Starting...
2023-06-20_20:45:01 [restartedMain] INFO  com.zaxxer.hikari.HikariDataSource - HikariPool-2 - Start completed.
2023-06-20_20:45:01 [restartedMain] INFO  o.s.b.a.h.H2ConsoleAutoConfiguration - H2 console available at '/db'. Database available at 'jdbc:h2:mem:contactDB'
2023-06-20_20:45:01 [restartedMain] INFO  o.s.o.j.LocalContainerEntityManagerFactoryBean - Initialized JPA EntityManagerFactory for persistence unit 'default'
2023-06-20_20:45:01 [restartedMain] INFO  o.s.b.d.a.OptionalLiveReloadServer - LiveReload server is running on port 35729
2023-06-20_20:45:01 [restartedMain] INFO  o.s.b.a.e.web.EndpointLinksResolver - Exposing 1 endpoint(s) beneath base path '/actuator'
2023-06-20_20:45:01 [restartedMain] INFO  o.a.coyote.http11.Http11NioProtocol - Starting ProtocolHandler ["http-nio-8000"]
2023-06-20_20:45:01 [restartedMain] INFO  o.s.b.w.e.tomcat.TomcatWebServer - Tomcat started on port(s): 8000 (http) with context path '/contact'
2023-06-20_20:45:01 [restartedMain] INFO  c.n.b.c.ContactIdentityServiceApplication - Started ContactIdentityServiceApplication in 1.442 seconds (JVM running for 112.829)
2023-06-20_20:45:01 [restartedMain] INFO  o.s.b.d.a.ConditionEvaluationDeltaLoggingListener - Condition evaluation unchanged
2023-06-20_20:45:01 [File Watcher] INFO  o.s.b.d.a.LocalDevToolsAutoConfiguration$RestartingClassPathChangeChangedEventListener - Restarting due to 1 class path change (0 additions, 0 deletions, 1 modification)
2023-06-20_20:45:01 [Thread-8] INFO  o.a.coyote.http11.Http11NioProtocol - Pausing ProtocolHandler ["http-nio-8000"]
2023-06-20_20:45:01 [Thread-8] INFO  o.a.catalina.core.StandardService - Stopping service [Tomcat]
2023-06-20_20:45:01 [Thread-8] INFO  o.a.coyote.http11.Http11NioProtocol - Stopping ProtocolHandler ["http-nio-8000"]
2023-06-20_20:45:01 [Thread-8] INFO  o.a.coyote.http11.Http11NioProtocol - Destroying ProtocolHandler ["http-nio-8000"]
2023-06-20_20:45:01 [Thread-8] INFO  o.s.o.j.LocalContainerEntityManagerFactoryBean - Closing JPA EntityManagerFactory for persistence unit 'default'
2023-06-20_20:45:01 [Thread-8] INFO  com.zaxxer.hikari.HikariDataSource - HikariPool-2 - Shutdown initiated...
2023-06-20_20:45:01 [Thread-8] INFO  com.zaxxer.hikari.HikariDataSource - HikariPool-2 - Shutdown completed.
2023-06-20_20:46:24 [restartedMain] INFO  c.n.b.c.ContactIdentityServiceApplication - Starting ContactIdentityServiceApplication using Java 11.0.9 on LAPTOP-M0KEA9MF with PID 10244 (D:\Neha\BiteSpeed\contact-identity-service\target\classes started by HP in D:\Neha\BiteSpeed\contact-identity-service)
2023-06-20_20:46:24 [restartedMain] INFO  c.n.b.c.ContactIdentityServiceApplication - No active profile set, falling back to 1 default profile: "default"
2023-06-20_20:46:24 [restartedMain] INFO  o.s.d.r.c.RepositoryConfigurationDelegate - Bootstrapping Spring Data JPA repositories in DEFAULT mode.
2023-06-20_20:46:24 [restartedMain] INFO  o.s.d.r.c.RepositoryConfigurationDelegate - Finished Spring Data repository scanning in 12 ms. Found 1 JPA repository interfaces.
2023-06-20_20:46:24 [restartedMain] INFO  o.s.b.w.e.tomcat.TomcatWebServer - Tomcat initialized with port(s): 8000 (http)
2023-06-20_20:46:24 [restartedMain] INFO  o.a.coyote.http11.Http11NioProtocol - Initializing ProtocolHandler ["http-nio-8000"]
2023-06-20_20:46:24 [restartedMain] INFO  o.a.catalina.core.StandardService - Starting service [Tomcat]
2023-06-20_20:46:24 [restartedMain] INFO  o.a.catalina.core.StandardEngine - Starting Servlet engine: [Apache Tomcat/9.0.75]
2023-06-20_20:46:24 [restartedMain] INFO  o.a.c.c.C.[.[localhost].[/contact] - Initializing Spring embedded WebApplicationContext
2023-06-20_20:46:24 [restartedMain] INFO  o.s.b.w.s.c.ServletWebServerApplicationContext - Root WebApplicationContext: initialization completed in 801 ms
2023-06-20_20:46:24 [restartedMain] INFO  com.zaxxer.hikari.HikariDataSource - HikariPool-3 - Starting...
2023-06-20_20:46:24 [restartedMain] INFO  com.zaxxer.hikari.HikariDataSource - HikariPool-3 - Start completed.
2023-06-20_20:46:24 [restartedMain] INFO  o.s.b.a.h.H2ConsoleAutoConfiguration - H2 console available at '/db'. Database available at 'jdbc:h2:mem:contactDB'
2023-06-20_20:46:24 [restartedMain] INFO  o.s.o.j.LocalContainerEntityManagerFactoryBean - Initialized JPA EntityManagerFactory for persistence unit 'default'
2023-06-20_20:46:24 [restartedMain] INFO  o.s.b.d.a.OptionalLiveReloadServer - LiveReload server is running on port 35729
2023-06-20_20:46:24 [restartedMain] INFO  o.s.b.a.e.web.EndpointLinksResolver - Exposing 1 endpoint(s) beneath base path '/actuator'
2023-06-20_20:46:24 [restartedMain] INFO  o.a.coyote.http11.Http11NioProtocol - Starting ProtocolHandler ["http-nio-8000"]
2023-06-20_20:46:24 [restartedMain] INFO  o.s.b.w.e.tomcat.TomcatWebServer - Tomcat started on port(s): 8000 (http) with context path '/contact'
2023-06-20_20:46:24 [restartedMain] INFO  c.n.b.c.ContactIdentityServiceApplication - Started ContactIdentityServiceApplication in 1.53 seconds (JVM running for 195.604)
2023-06-20_20:46:24 [restartedMain] INFO  o.s.b.d.a.ConditionEvaluationDeltaLoggingListener - Condition evaluation unchanged
2023-06-20_20:46:24 [File Watcher] INFO  o.s.b.d.a.LocalDevToolsAutoConfiguration$RestartingClassPathChangeChangedEventListener - Restarting due to 1 class path change (0 additions, 0 deletions, 1 modification)
2023-06-20_20:46:24 [Thread-12] INFO  o.a.coyote.http11.Http11NioProtocol - Pausing ProtocolHandler ["http-nio-8000"]
2023-06-20_20:46:24 [Thread-12] INFO  o.a.catalina.core.StandardService - Stopping service [Tomcat]
2023-06-20_20:46:24 [Thread-12] INFO  o.a.coyote.http11.Http11NioProtocol - Stopping ProtocolHandler ["http-nio-8000"]
2023-06-20_20:46:24 [Thread-12] INFO  o.a.coyote.http11.Http11NioProtocol - Destroying ProtocolHandler ["http-nio-8000"]
2023-06-20_20:46:24 [Thread-12] INFO  o.s.o.j.LocalContainerEntityManagerFactoryBean - Closing JPA EntityManagerFactory for persistence unit 'default'
2023-06-20_20:46:24 [Thread-12] INFO  com.zaxxer.hikari.HikariDataSource - HikariPool-3 - Shutdown initiated...
2023-06-20_20:46:24 [Thread-12] INFO  com.zaxxer.hikari.HikariDataSource - HikariPool-3 - Shutdown completed.
2023-06-20_20:46:28 [restartedMain] INFO  c.n.b.c.ContactIdentityServiceApplication - Starting ContactIdentityServiceApplication using Java 11.0.9 on LAPTOP-M0KEA9MF with PID 10244 (D:\Neha\BiteSpeed\contact-identity-service\target\classes started by HP in D:\Neha\BiteSpeed\contact-identity-service)
2023-06-20_20:46:28 [restartedMain] INFO  c.n.b.c.ContactIdentityServiceApplication - No active profile set, falling back to 1 default profile: "default"
2023-06-20_20:46:28 [restartedMain] INFO  o.s.d.r.c.RepositoryConfigurationDelegate - Bootstrapping Spring Data JPA repositories in DEFAULT mode.
2023-06-20_20:46:28 [restartedMain] INFO  o.s.d.r.c.RepositoryConfigurationDelegate - Finished Spring Data repository scanning in 10 ms. Found 1 JPA repository interfaces.
2023-06-20_20:46:28 [restartedMain] INFO  o.s.b.w.e.tomcat.TomcatWebServer - Tomcat initialized with port(s): 8000 (http)
2023-06-20_20:46:28 [restartedMain] INFO  o.a.coyote.http11.Http11NioProtocol - Initializing ProtocolHandler ["http-nio-8000"]
2023-06-20_20:46:28 [restartedMain] INFO  o.a.catalina.core.StandardService - Starting service [Tomcat]
2023-06-20_20:46:28 [restartedMain] INFO  o.a.catalina.core.StandardEngine - Starting Servlet engine: [Apache Tomcat/9.0.75]
2023-06-20_20:46:28 [restartedMain] INFO  o.a.c.c.C.[.[localhost].[/contact] - Initializing Spring embedded WebApplicationContext
2023-06-20_20:46:28 [restartedMain] INFO  o.s.b.w.s.c.ServletWebServerApplicationContext - Root WebApplicationContext: initialization completed in 573 ms
2023-06-20_20:46:28 [restartedMain] INFO  com.zaxxer.hikari.HikariDataSource - HikariPool-4 - Starting...
2023-06-20_20:46:28 [restartedMain] INFO  com.zaxxer.hikari.HikariDataSource - HikariPool-4 - Start completed.
2023-06-20_20:46:28 [restartedMain] INFO  o.s.b.a.h.H2ConsoleAutoConfiguration - H2 console available at '/db'. Database available at 'jdbc:h2:mem:contactDB'
2023-06-20_20:46:28 [restartedMain] INFO  o.s.o.j.LocalContainerEntityManagerFactoryBean - Initialized JPA EntityManagerFactory for persistence unit 'default'
2023-06-20_20:46:28 [restartedMain] INFO  o.s.b.d.a.OptionalLiveReloadServer - LiveReload server is running on port 35729
2023-06-20_20:46:28 [restartedMain] INFO  o.s.b.a.e.web.EndpointLinksResolver - Exposing 1 endpoint(s) beneath base path '/actuator'
2023-06-20_20:46:28 [restartedMain] INFO  o.a.coyote.http11.Http11NioProtocol - Starting ProtocolHandler ["http-nio-8000"]
2023-06-20_20:46:28 [restartedMain] INFO  o.s.b.w.e.tomcat.TomcatWebServer - Tomcat started on port(s): 8000 (http) with context path '/contact'
2023-06-20_20:46:28 [restartedMain] INFO  c.n.b.c.ContactIdentityServiceApplication - Started ContactIdentityServiceApplication in 1.133 seconds (JVM running for 199.689)
2023-06-20_20:46:28 [restartedMain] INFO  o.s.b.d.a.ConditionEvaluationDeltaLoggingListener - Condition evaluation unchanged
2023-06-20_20:46:28 [http-nio-8000-exec-1] INFO  o.a.c.c.C.[.[localhost].[/contact] - Initializing Spring DispatcherServlet 'dispatcherServlet'
2023-06-20_20:46:28 [http-nio-8000-exec-1] INFO  o.s.web.servlet.DispatcherServlet - Initializing Servlet 'dispatcherServlet'
2023-06-20_20:46:28 [http-nio-8000-exec-1] INFO  o.s.web.servlet.DispatcherServlet - Completed initialization in 3 ms
2023-06-20_20:46:28 [http-nio-8000-exec-4] INFO  o.s.api.AbstractOpenApiResource - Init duration for springdoc-openapi is: 67 ms
2023-06-20_20:46:28 [http-nio-8000-exec-7] INFO  c.n.b.c.s.ContactIdentityServiceImpl - created Primary contact with id: 1
2023-06-20_20:46:28 [http-nio-8000-exec-8] INFO  c.n.b.c.s.ContactIdentityServiceImpl - linked contact not present for existing contact
2023-06-20_20:46:28 [http-nio-8000-exec-8] INFO  c.n.b.c.s.ContactIdentityServiceImpl - created Secondary contact with id: 2
2023-06-20_20:46:28 [http-nio-8000-exec-10] INFO  c.n.b.c.s.ContactIdentityServiceImpl - linked contact present for existing contact
2023-06-20_20:46:28 [http-nio-8000-exec-1] INFO  c.n.b.c.s.ContactIdentityServiceImpl - linked contact not present for existing contact
2023-06-20_20:46:28 [http-nio-8000-exec-3] INFO  c.n.b.c.s.ContactIdentityServiceImpl - created Primary contact with id: 3
2023-06-20_20:46:28 [http-nio-8000-exec-4] INFO  c.n.b.c.s.ContactIdentityServiceImpl - updated contact with id: 3 to secondary
2023-06-20_20:59:51 [main] INFO  o.s.b.t.c.SpringBootTestContextBootstrapper - Neither @ContextConfiguration nor @ContextHierarchy found for test class [com.neha.bitespeed.contactIdentity.ContactIdentityServiceApplicationTests], using SpringBootContextLoader
2023-06-20_20:59:51 [main] INFO  o.s.t.c.s.AbstractContextLoader - Could not detect default resource locations for test class [com.neha.bitespeed.contactIdentity.ContactIdentityServiceApplicationTests]: no resource found for suffixes {-context.xml, Context.groovy}.
2023-06-20_20:59:51 [main] INFO  o.s.t.c.s.AnnotationConfigContextLoaderUtils - Could not detect default configuration classes for test class [com.neha.bitespeed.contactIdentity.ContactIdentityServiceApplicationTests]: ContactIdentityServiceApplicationTests does not declare any static, non-private, non-final, nested classes annotated with @Configuration.
2023-06-20_20:59:51 [main] INFO  o.s.b.t.c.SpringBootTestContextBootstrapper - Found @SpringBootConfiguration com.neha.bitespeed.contactIdentity.ContactIdentityServiceApplication for test class com.neha.bitespeed.contactIdentity.ContactIdentityServiceApplicationTests
2023-06-20_20:59:51 [main] INFO  o.s.b.t.c.SpringBootTestContextBootstrapper - Loaded default TestExecutionListener class names from location [META-INF/spring.factories]: [org.springframework.boot.test.mock.mockito.MockitoTestExecutionListener, org.springframework.boot.test.mock.mockito.ResetMocksTestExecutionListener, org.springframework.boot.test.autoconfigure.restdocs.RestDocsTestExecutionListener, org.springframework.boot.test.autoconfigure.web.client.MockRestServiceServerResetTestExecutionListener, org.springframework.boot.test.autoconfigure.web.servlet.MockMvcPrintOnlyOnFailureTestExecutionListener, org.springframework.boot.test.autoconfigure.web.servlet.WebDriverTestExecutionListener, org.springframework.boot.test.autoconfigure.webservices.client.MockWebServiceServerTestExecutionListener, org.springframework.test.context.web.ServletTestExecutionListener, org.springframework.test.context.support.DirtiesContextBeforeModesTestExecutionListener, org.springframework.test.context.event.ApplicationEventsTestExecutionListener, org.springframework.test.context.support.DependencyInjectionTestExecutionListener, org.springframework.test.context.support.DirtiesContextTestExecutionListener, org.springframework.test.context.transaction.TransactionalTestExecutionListener, org.springframework.test.context.jdbc.SqlScriptsTestExecutionListener, org.springframework.test.context.event.EventPublishingTestExecutionListener]
2023-06-20_20:59:51 [main] INFO  o.s.b.t.c.SpringBootTestContextBootstrapper - Using TestExecutionListeners: [org.springframework.test.context.web.ServletTestExecutionListener@770d4269, org.springframework.test.context.support.DirtiesContextBeforeModesTestExecutionListener@4a8ab068, org.springframework.test.context.event.ApplicationEventsTestExecutionListener@1922e6d, org.springframework.boot.test.mock.mockito.MockitoTestExecutionListener@76a82f33, org.springframework.boot.test.autoconfigure.SpringBootDependencyInjectionTestExecutionListener@6bab2585, org.springframework.test.context.support.DirtiesContextTestExecutionListener@74bdc168, org.springframework.test.context.transaction.TransactionalTestExecutionListener@644c78d4, org.springframework.test.context.jdbc.SqlScriptsTestExecutionListener@532a02d9, org.springframework.test.context.event.EventPublishingTestExecutionListener@611f8234, org.springframework.boot.test.mock.mockito.ResetMocksTestExecutionListener@7bb3a9fe, org.springframework.boot.test.autoconfigure.restdocs.RestDocsTestExecutionListener@7cbee484, org.springframework.boot.test.autoconfigure.web.client.MockRestServiceServerResetTestExecutionListener@7f811d00, org.springframework.boot.test.autoconfigure.web.servlet.MockMvcPrintOnlyOnFailureTestExecutionListener@62923ee6, org.springframework.boot.test.autoconfigure.web.servlet.WebDriverTestExecutionListener@4089713, org.springframework.boot.test.autoconfigure.webservices.client.MockWebServiceServerTestExecutionListener@f19c9d2]
2023-06-20_20:59:52 [main] INFO  c.n.b.c.ContactIdentityServiceApplicationTests - Starting ContactIdentityServiceApplicationTests using Java 11.0.9 on LAPTOP-M0KEA9MF with PID 9088 (started by HP in D:\Neha\BiteSpeed\contact-identity-service)
2023-06-20_20:59:52 [main] INFO  c.n.b.c.ContactIdentityServiceApplicationTests - No active profile set, falling back to 1 default profile: "default"
2023-06-20_20:59:52 [main] INFO  o.s.d.r.c.RepositoryConfigurationDelegate - Bootstrapping Spring Data JPA repositories in DEFAULT mode.
2023-06-20_20:59:52 [main] INFO  o.s.d.r.c.RepositoryConfigurationDelegate - Finished Spring Data repository scanning in 63 ms. Found 1 JPA repository interfaces.
2023-06-20_20:59:52 [main] INFO  com.zaxxer.hikari.HikariDataSource - HikariPool-1 - Starting...
2023-06-20_20:59:52 [main] INFO  com.zaxxer.hikari.HikariDataSource - HikariPool-1 - Start completed.
2023-06-20_20:59:52 [main] INFO  o.s.o.j.LocalContainerEntityManagerFactoryBean - Initialized JPA EntityManagerFactory for persistence unit 'default'
2023-06-20_20:59:52 [main] INFO  o.s.b.a.h.H2ConsoleAutoConfiguration - H2 console available at '/db'. Database available at 'jdbc:h2:mem:contactDB'
2023-06-20_20:59:52 [main] INFO  o.s.b.a.e.web.EndpointLinksResolver - Exposing 1 endpoint(s) beneath base path '/actuator'
2023-06-20_20:59:52 [main] INFO  c.n.b.c.ContactIdentityServiceApplicationTests - Started ContactIdentityServiceApplicationTests in 9.196 seconds (JVM running for 11.15)
2023-06-20_20:59:52 [SpringApplicationShutdownHook] INFO  o.s.o.j.LocalContainerEntityManagerFactoryBean - Closing JPA EntityManagerFactory for persistence unit 'default'
2023-06-20_20:59:52 [SpringApplicationShutdownHook] INFO  com.zaxxer.hikari.HikariDataSource - HikariPool-1 - Shutdown initiated...
2023-06-20_20:59:52 [SpringApplicationShutdownHook] INFO  com.zaxxer.hikari.HikariDataSource - HikariPool-1 - Shutdown completed.
2023-06-20_21:06:02 [main] INFO  o.s.b.t.c.SpringBootTestContextBootstrapper - Neither @ContextConfiguration nor @ContextHierarchy found for test class [com.neha.bitespeed.contactIdentity.ContactIdentityServiceApplicationTests], using SpringBootContextLoader
2023-06-20_21:06:02 [main] INFO  o.s.t.c.s.AbstractContextLoader - Could not detect default resource locations for test class [com.neha.bitespeed.contactIdentity.ContactIdentityServiceApplicationTests]: no resource found for suffixes {-context.xml, Context.groovy}.
2023-06-20_21:06:02 [main] INFO  o.s.t.c.s.AnnotationConfigContextLoaderUtils - Could not detect default configuration classes for test class [com.neha.bitespeed.contactIdentity.ContactIdentityServiceApplicationTests]: ContactIdentityServiceApplicationTests does not declare any static, non-private, non-final, nested classes annotated with @Configuration.
2023-06-20_21:06:02 [main] INFO  o.s.b.t.c.SpringBootTestContextBootstrapper - Found @SpringBootConfiguration com.neha.bitespeed.contactIdentity.ContactIdentityServiceApplication for test class com.neha.bitespeed.contactIdentity.ContactIdentityServiceApplicationTests
2023-06-20_21:06:02 [main] INFO  o.s.b.t.c.SpringBootTestContextBootstrapper - Loaded default TestExecutionListener class names from location [META-INF/spring.factories]: [org.springframework.boot.test.mock.mockito.MockitoTestExecutionListener, org.springframework.boot.test.mock.mockito.ResetMocksTestExecutionListener, org.springframework.boot.test.autoconfigure.restdocs.RestDocsTestExecutionListener, org.springframework.boot.test.autoconfigure.web.client.MockRestServiceServerResetTestExecutionListener, org.springframework.boot.test.autoconfigure.web.servlet.MockMvcPrintOnlyOnFailureTestExecutionListener, org.springframework.boot.test.autoconfigure.web.servlet.WebDriverTestExecutionListener, org.springframework.boot.test.autoconfigure.webservices.client.MockWebServiceServerTestExecutionListener, org.springframework.test.context.web.ServletTestExecutionListener, org.springframework.test.context.support.DirtiesContextBeforeModesTestExecutionListener, org.springframework.test.context.event.ApplicationEventsTestExecutionListener, org.springframework.test.context.support.DependencyInjectionTestExecutionListener, org.springframework.test.context.support.DirtiesContextTestExecutionListener, org.springframework.test.context.transaction.TransactionalTestExecutionListener, org.springframework.test.context.jdbc.SqlScriptsTestExecutionListener, org.springframework.test.context.event.EventPublishingTestExecutionListener]
2023-06-20_21:06:02 [main] INFO  o.s.b.t.c.SpringBootTestContextBootstrapper - Using TestExecutionListeners: [org.springframework.test.context.web.ServletTestExecutionListener@770d4269, org.springframework.test.context.support.DirtiesContextBeforeModesTestExecutionListener@4a8ab068, org.springframework.test.context.event.ApplicationEventsTestExecutionListener@1922e6d, org.springframework.boot.test.mock.mockito.MockitoTestExecutionListener@76a82f33, org.springframework.boot.test.autoconfigure.SpringBootDependencyInjectionTestExecutionListener@6bab2585, org.springframework.test.context.support.DirtiesContextTestExecutionListener@74bdc168, org.springframework.test.context.transaction.TransactionalTestExecutionListener@644c78d4, org.springframework.test.context.jdbc.SqlScriptsTestExecutionListener@532a02d9, org.springframework.test.context.event.EventPublishingTestExecutionListener@611f8234, org.springframework.boot.test.mock.mockito.ResetMocksTestExecutionListener@7bb3a9fe, org.springframework.boot.test.autoconfigure.restdocs.RestDocsTestExecutionListener@7cbee484, org.springframework.boot.test.autoconfigure.web.client.MockRestServiceServerResetTestExecutionListener@7f811d00, org.springframework.boot.test.autoconfigure.web.servlet.MockMvcPrintOnlyOnFailureTestExecutionListener@62923ee6, org.springframework.boot.test.autoconfigure.web.servlet.WebDriverTestExecutionListener@4089713, org.springframework.boot.test.autoconfigure.webservices.client.MockWebServiceServerTestExecutionListener@f19c9d2]
2023-06-20_21:06:03 [main] INFO  c.n.b.c.ContactIdentityServiceApplicationTests - Starting ContactIdentityServiceApplicationTests using Java 11.0.9 on LAPTOP-M0KEA9MF with PID 10600 (started by HP in D:\Neha\BiteSpeed\contact-identity-service)
2023-06-20_21:06:03 [main] INFO  c.n.b.c.ContactIdentityServiceApplicationTests - No active profile set, falling back to 1 default profile: "default"
2023-06-20_21:06:03 [main] INFO  o.s.d.r.c.RepositoryConfigurationDelegate - Bootstrapping Spring Data JPA repositories in DEFAULT mode.
2023-06-20_21:06:03 [main] INFO  o.s.d.r.c.RepositoryConfigurationDelegate - Finished Spring Data repository scanning in 77 ms. Found 1 JPA repository interfaces.
2023-06-20_21:06:03 [main] INFO  com.zaxxer.hikari.HikariDataSource - HikariPool-1 - Starting...
2023-06-20_21:06:03 [main] INFO  com.zaxxer.hikari.HikariDataSource - HikariPool-1 - Start completed.
2023-06-20_21:06:03 [main] INFO  o.s.o.j.LocalContainerEntityManagerFactoryBean - Initialized JPA EntityManagerFactory for persistence unit 'default'
2023-06-20_21:06:03 [main] INFO  o.s.b.a.h.H2ConsoleAutoConfiguration - H2 console available at '/db'. Database available at 'jdbc:h2:mem:contactDB'
2023-06-20_21:06:03 [main] INFO  o.s.b.a.e.web.EndpointLinksResolver - Exposing 1 endpoint(s) beneath base path '/actuator'
2023-06-20_21:06:03 [main] INFO  c.n.b.c.ContactIdentityServiceApplicationTests - Started ContactIdentityServiceApplicationTests in 10.054 seconds (JVM running for 11.964)
2023-06-20_21:06:03 [SpringApplicationShutdownHook] INFO  o.s.o.j.LocalContainerEntityManagerFactoryBean - Closing JPA EntityManagerFactory for persistence unit 'default'
2023-06-20_21:06:03 [SpringApplicationShutdownHook] INFO  com.zaxxer.hikari.HikariDataSource - HikariPool-1 - Shutdown initiated...
2023-06-20_21:06:03 [SpringApplicationShutdownHook] INFO  com.zaxxer.hikari.HikariDataSource - HikariPool-1 - Shutdown completed.
2023-06-20_21:06:56 [main] INFO  o.s.b.t.c.SpringBootTestContextBootstrapper - Neither @ContextConfiguration nor @ContextHierarchy found for test class [com.neha.bitespeed.contactIdentity.ContactIdentityServiceApplicationTests], using SpringBootContextLoader
2023-06-20_21:06:56 [main] INFO  o.s.t.c.s.AbstractContextLoader - Could not detect default resource locations for test class [com.neha.bitespeed.contactIdentity.ContactIdentityServiceApplicationTests]: no resource found for suffixes {-context.xml, Context.groovy}.
2023-06-20_21:06:56 [main] INFO  o.s.t.c.s.AnnotationConfigContextLoaderUtils - Could not detect default configuration classes for test class [com.neha.bitespeed.contactIdentity.ContactIdentityServiceApplicationTests]: ContactIdentityServiceApplicationTests does not declare any static, non-private, non-final, nested classes annotated with @Configuration.
2023-06-20_21:06:56 [main] INFO  o.s.b.t.c.SpringBootTestContextBootstrapper - Found @SpringBootConfiguration com.neha.bitespeed.contactIdentity.ContactIdentityServiceApplication for test class com.neha.bitespeed.contactIdentity.ContactIdentityServiceApplicationTests
2023-06-20_21:06:56 [main] INFO  o.s.b.t.c.SpringBootTestContextBootstrapper - Loaded default TestExecutionListener class names from location [META-INF/spring.factories]: [org.springframework.boot.test.mock.mockito.MockitoTestExecutionListener, org.springframework.boot.test.mock.mockito.ResetMocksTestExecutionListener, org.springframework.boot.test.autoconfigure.restdocs.RestDocsTestExecutionListener, org.springframework.boot.test.autoconfigure.web.client.MockRestServiceServerResetTestExecutionListener, org.springframework.boot.test.autoconfigure.web.servlet.MockMvcPrintOnlyOnFailureTestExecutionListener, org.springframework.boot.test.autoconfigure.web.servlet.WebDriverTestExecutionListener, org.springframework.boot.test.autoconfigure.webservices.client.MockWebServiceServerTestExecutionListener, org.springframework.test.context.web.ServletTestExecutionListener, org.springframework.test.context.support.DirtiesContextBeforeModesTestExecutionListener, org.springframework.test.context.event.ApplicationEventsTestExecutionListener, org.springframework.test.context.support.DependencyInjectionTestExecutionListener, org.springframework.test.context.support.DirtiesContextTestExecutionListener, org.springframework.test.context.transaction.TransactionalTestExecutionListener, org.springframework.test.context.jdbc.SqlScriptsTestExecutionListener, org.springframework.test.context.event.EventPublishingTestExecutionListener]
2023-06-20_21:06:56 [main] INFO  o.s.b.t.c.SpringBootTestContextBootstrapper - Using TestExecutionListeners: [org.springframework.test.context.web.ServletTestExecutionListener@770d4269, org.springframework.test.context.support.DirtiesContextBeforeModesTestExecutionListener@4a8ab068, org.springframework.test.context.event.ApplicationEventsTestExecutionListener@1922e6d, org.springframework.boot.test.mock.mockito.MockitoTestExecutionListener@76a82f33, org.springframework.boot.test.autoconfigure.SpringBootDependencyInjectionTestExecutionListener@6bab2585, org.springframework.test.context.support.DirtiesContextTestExecutionListener@74bdc168, org.springframework.test.context.transaction.TransactionalTestExecutionListener@644c78d4, org.springframework.test.context.jdbc.SqlScriptsTestExecutionListener@532a02d9, org.springframework.test.context.event.EventPublishingTestExecutionListener@611f8234, org.springframework.boot.test.mock.mockito.ResetMocksTestExecutionListener@7bb3a9fe, org.springframework.boot.test.autoconfigure.restdocs.RestDocsTestExecutionListener@7cbee484, org.springframework.boot.test.autoconfigure.web.client.MockRestServiceServerResetTestExecutionListener@7f811d00, org.springframework.boot.test.autoconfigure.web.servlet.MockMvcPrintOnlyOnFailureTestExecutionListener@62923ee6, org.springframework.boot.test.autoconfigure.web.servlet.WebDriverTestExecutionListener@4089713, org.springframework.boot.test.autoconfigure.webservices.client.MockWebServiceServerTestExecutionListener@f19c9d2]
2023-06-20_21:06:57 [main] INFO  c.n.b.c.ContactIdentityServiceApplicationTests - Starting ContactIdentityServiceApplicationTests using Java 11.0.9 on LAPTOP-M0KEA9MF with PID 5660 (started by HP in D:\Neha\BiteSpeed\contact-identity-service)
2023-06-20_21:06:57 [main] INFO  c.n.b.c.ContactIdentityServiceApplicationTests - No active profile set, falling back to 1 default profile: "default"
2023-06-20_21:06:57 [main] INFO  o.s.d.r.c.RepositoryConfigurationDelegate - Bootstrapping Spring Data JPA repositories in DEFAULT mode.
2023-06-20_21:06:57 [main] INFO  o.s.d.r.c.RepositoryConfigurationDelegate - Finished Spring Data repository scanning in 122 ms. Found 1 JPA repository interfaces.
2023-06-20_21:06:57 [main] INFO  com.zaxxer.hikari.HikariDataSource - HikariPool-1 - Starting...
2023-06-20_21:06:57 [main] INFO  com.zaxxer.hikari.HikariDataSource - HikariPool-1 - Start completed.
2023-06-20_21:06:57 [main] INFO  o.s.o.j.LocalContainerEntityManagerFactoryBean - Initialized JPA EntityManagerFactory for persistence unit 'default'
2023-06-20_21:06:57 [main] INFO  o.s.b.a.h.H2ConsoleAutoConfiguration - H2 console available at '/db'. Database available at 'jdbc:h2:mem:contactDB'
2023-06-20_21:06:57 [main] INFO  o.s.b.a.e.web.EndpointLinksResolver - Exposing 1 endpoint(s) beneath base path '/actuator'
2023-06-20_21:06:57 [main] INFO  c.n.b.c.ContactIdentityServiceApplicationTests - Started ContactIdentityServiceApplicationTests in 9.902 seconds (JVM running for 11.629)
2023-06-20_21:06:57 [SpringApplicationShutdownHook] INFO  o.s.o.j.LocalContainerEntityManagerFactoryBean - Closing JPA EntityManagerFactory for persistence unit 'default'
2023-06-20_21:06:57 [SpringApplicationShutdownHook] INFO  com.zaxxer.hikari.HikariDataSource - HikariPool-1 - Shutdown initiated...
2023-06-20_21:06:57 [SpringApplicationShutdownHook] INFO  com.zaxxer.hikari.HikariDataSource - HikariPool-1 - Shutdown completed.
2023-06-20_21:08:03 [main] INFO  o.s.b.t.c.SpringBootTestContextBootstrapper - Neither @ContextConfiguration nor @ContextHierarchy found for test class [com.neha.bitespeed.contactIdentity.ContactIdentityServiceApplicationTests], using SpringBootContextLoader
2023-06-20_21:08:03 [main] INFO  o.s.t.c.s.AbstractContextLoader - Could not detect default resource locations for test class [com.neha.bitespeed.contactIdentity.ContactIdentityServiceApplicationTests]: no resource found for suffixes {-context.xml, Context.groovy}.
2023-06-20_21:08:03 [main] INFO  o.s.t.c.s.AnnotationConfigContextLoaderUtils - Could not detect default configuration classes for test class [com.neha.bitespeed.contactIdentity.ContactIdentityServiceApplicationTests]: ContactIdentityServiceApplicationTests does not declare any static, non-private, non-final, nested classes annotated with @Configuration.
2023-06-20_21:08:03 [main] INFO  o.s.b.t.c.SpringBootTestContextBootstrapper - Found @SpringBootConfiguration com.neha.bitespeed.contactIdentity.ContactIdentityServiceApplication for test class com.neha.bitespeed.contactIdentity.ContactIdentityServiceApplicationTests
2023-06-20_21:08:03 [main] INFO  o.s.b.t.c.SpringBootTestContextBootstrapper - Loaded default TestExecutionListener class names from location [META-INF/spring.factories]: [org.springframework.boot.test.mock.mockito.MockitoTestExecutionListener, org.springframework.boot.test.mock.mockito.ResetMocksTestExecutionListener, org.springframework.boot.test.autoconfigure.restdocs.RestDocsTestExecutionListener, org.springframework.boot.test.autoconfigure.web.client.MockRestServiceServerResetTestExecutionListener, org.springframework.boot.test.autoconfigure.web.servlet.MockMvcPrintOnlyOnFailureTestExecutionListener, org.springframework.boot.test.autoconfigure.web.servlet.WebDriverTestExecutionListener, org.springframework.boot.test.autoconfigure.webservices.client.MockWebServiceServerTestExecutionListener, org.springframework.test.context.web.ServletTestExecutionListener, org.springframework.test.context.support.DirtiesContextBeforeModesTestExecutionListener, org.springframework.test.context.event.ApplicationEventsTestExecutionListener, org.springframework.test.context.support.DependencyInjectionTestExecutionListener, org.springframework.test.context.support.DirtiesContextTestExecutionListener, org.springframework.test.context.transaction.TransactionalTestExecutionListener, org.springframework.test.context.jdbc.SqlScriptsTestExecutionListener, org.springframework.test.context.event.EventPublishingTestExecutionListener]
2023-06-20_21:08:03 [main] INFO  o.s.b.t.c.SpringBootTestContextBootstrapper - Using TestExecutionListeners: [org.springframework.test.context.web.ServletTestExecutionListener@770d4269, org.springframework.test.context.support.DirtiesContextBeforeModesTestExecutionListener@4a8ab068, org.springframework.test.context.event.ApplicationEventsTestExecutionListener@1922e6d, org.springframework.boot.test.mock.mockito.MockitoTestExecutionListener@76a82f33, org.springframework.boot.test.autoconfigure.SpringBootDependencyInjectionTestExecutionListener@6bab2585, org.springframework.test.context.support.DirtiesContextTestExecutionListener@74bdc168, org.springframework.test.context.transaction.TransactionalTestExecutionListener@644c78d4, org.springframework.test.context.jdbc.SqlScriptsTestExecutionListener@532a02d9, org.springframework.test.context.event.EventPublishingTestExecutionListener@611f8234, org.springframework.boot.test.mock.mockito.ResetMocksTestExecutionListener@7bb3a9fe, org.springframework.boot.test.autoconfigure.restdocs.RestDocsTestExecutionListener@7cbee484, org.springframework.boot.test.autoconfigure.web.client.MockRestServiceServerResetTestExecutionListener@7f811d00, org.springframework.boot.test.autoconfigure.web.servlet.MockMvcPrintOnlyOnFailureTestExecutionListener@62923ee6, org.springframework.boot.test.autoconfigure.web.servlet.WebDriverTestExecutionListener@4089713, org.springframework.boot.test.autoconfigure.webservices.client.MockWebServiceServerTestExecutionListener@f19c9d2]
2023-06-20_21:08:04 [main] INFO  c.n.b.c.ContactIdentityServiceApplicationTests - Starting ContactIdentityServiceApplicationTests using Java 11.0.9 on LAPTOP-M0KEA9MF with PID 15376 (started by HP in D:\Neha\BiteSpeed\contact-identity-service)
2023-06-20_21:08:04 [main] INFO  c.n.b.c.ContactIdentityServiceApplicationTests - No active profile set, falling back to 1 default profile: "default"
2023-06-20_21:08:04 [main] INFO  o.s.d.r.c.RepositoryConfigurationDelegate - Bootstrapping Spring Data JPA repositories in DEFAULT mode.
2023-06-20_21:08:04 [main] INFO  o.s.d.r.c.RepositoryConfigurationDelegate - Finished Spring Data repository scanning in 128 ms. Found 1 JPA repository interfaces.
2023-06-20_21:08:04 [main] INFO  com.zaxxer.hikari.HikariDataSource - HikariPool-1 - Starting...
2023-06-20_21:08:04 [main] INFO  com.zaxxer.hikari.HikariDataSource - HikariPool-1 - Start completed.
2023-06-20_21:08:04 [main] INFO  o.s.o.j.LocalContainerEntityManagerFactoryBean - Initialized JPA EntityManagerFactory for persistence unit 'default'
2023-06-20_21:08:04 [main] INFO  o.s.b.a.h.H2ConsoleAutoConfiguration - H2 console available at '/db'. Database available at 'jdbc:h2:mem:contactDB'
2023-06-20_21:08:04 [main] INFO  o.s.b.a.e.web.EndpointLinksResolver - Exposing 1 endpoint(s) beneath base path '/actuator'
2023-06-20_21:08:04 [main] INFO  c.n.b.c.ContactIdentityServiceApplicationTests - Started ContactIdentityServiceApplicationTests in 13.793 seconds (JVM running for 15.541)
2023-06-20_21:08:04 [SpringApplicationShutdownHook] INFO  o.s.o.j.LocalContainerEntityManagerFactoryBean - Closing JPA EntityManagerFactory for persistence unit 'default'
2023-06-20_21:08:04 [SpringApplicationShutdownHook] INFO  com.zaxxer.hikari.HikariDataSource - HikariPool-1 - Shutdown initiated...
2023-06-20_21:08:04 [SpringApplicationShutdownHook] INFO  com.zaxxer.hikari.HikariDataSource - HikariPool-1 - Shutdown completed.
2023-06-20_21:09:05 [main] INFO  o.s.b.t.c.SpringBootTestContextBootstrapper - Neither @ContextConfiguration nor @ContextHierarchy found for test class [com.neha.bitespeed.contactIdentity.ContactIdentityServiceApplicationTests], using SpringBootContextLoader
2023-06-20_21:09:05 [main] INFO  o.s.t.c.s.AbstractContextLoader - Could not detect default resource locations for test class [com.neha.bitespeed.contactIdentity.ContactIdentityServiceApplicationTests]: no resource found for suffixes {-context.xml, Context.groovy}.
2023-06-20_21:09:05 [main] INFO  o.s.t.c.s.AnnotationConfigContextLoaderUtils - Could not detect default configuration classes for test class [com.neha.bitespeed.contactIdentity.ContactIdentityServiceApplicationTests]: ContactIdentityServiceApplicationTests does not declare any static, non-private, non-final, nested classes annotated with @Configuration.
2023-06-20_21:09:05 [main] INFO  o.s.b.t.c.SpringBootTestContextBootstrapper - Found @SpringBootConfiguration com.neha.bitespeed.contactIdentity.ContactIdentityServiceApplication for test class com.neha.bitespeed.contactIdentity.ContactIdentityServiceApplicationTests
2023-06-20_21:09:05 [main] INFO  o.s.b.t.c.SpringBootTestContextBootstrapper - Loaded default TestExecutionListener class names from location [META-INF/spring.factories]: [org.springframework.boot.test.mock.mockito.MockitoTestExecutionListener, org.springframework.boot.test.mock.mockito.ResetMocksTestExecutionListener, org.springframework.boot.test.autoconfigure.restdocs.RestDocsTestExecutionListener, org.springframework.boot.test.autoconfigure.web.client.MockRestServiceServerResetTestExecutionListener, org.springframework.boot.test.autoconfigure.web.servlet.MockMvcPrintOnlyOnFailureTestExecutionListener, org.springframework.boot.test.autoconfigure.web.servlet.WebDriverTestExecutionListener, org.springframework.boot.test.autoconfigure.webservices.client.MockWebServiceServerTestExecutionListener, org.springframework.test.context.web.ServletTestExecutionListener, org.springframework.test.context.support.DirtiesContextBeforeModesTestExecutionListener, org.springframework.test.context.event.ApplicationEventsTestExecutionListener, org.springframework.test.context.support.DependencyInjectionTestExecutionListener, org.springframework.test.context.support.DirtiesContextTestExecutionListener, org.springframework.test.context.transaction.TransactionalTestExecutionListener, org.springframework.test.context.jdbc.SqlScriptsTestExecutionListener, org.springframework.test.context.event.EventPublishingTestExecutionListener]
2023-06-20_21:09:05 [main] INFO  o.s.b.t.c.SpringBootTestContextBootstrapper - Using TestExecutionListeners: [org.springframework.test.context.web.ServletTestExecutionListener@55f3c410, org.springframework.test.context.support.DirtiesContextBeforeModesTestExecutionListener@11acdc30, org.springframework.test.context.event.ApplicationEventsTestExecutionListener@770d4269, org.springframework.boot.test.mock.mockito.MockitoTestExecutionListener@4a8ab068, org.springframework.boot.test.autoconfigure.SpringBootDependencyInjectionTestExecutionListener@1922e6d, org.springframework.test.context.support.DirtiesContextTestExecutionListener@76a82f33, org.springframework.test.context.transaction.TransactionalTestExecutionListener@6bab2585, org.springframework.test.context.jdbc.SqlScriptsTestExecutionListener@74bdc168, org.springframework.test.context.event.EventPublishingTestExecutionListener@644c78d4, org.springframework.boot.test.mock.mockito.ResetMocksTestExecutionListener@532a02d9, org.springframework.boot.test.autoconfigure.restdocs.RestDocsTestExecutionListener@611f8234, org.springframework.boot.test.autoconfigure.web.client.MockRestServiceServerResetTestExecutionListener@7bb3a9fe, org.springframework.boot.test.autoconfigure.web.servlet.MockMvcPrintOnlyOnFailureTestExecutionListener@7cbee484, org.springframework.boot.test.autoconfigure.web.servlet.WebDriverTestExecutionListener@7f811d00, org.springframework.boot.test.autoconfigure.webservices.client.MockWebServiceServerTestExecutionListener@62923ee6]
2023-06-20_21:09:06 [main] INFO  c.n.b.c.ContactIdentityServiceApplicationTests - Starting ContactIdentityServiceApplicationTests using Java 11.0.9 on LAPTOP-M0KEA9MF with PID 11548 (started by HP in D:\Neha\BiteSpeed\contact-identity-service)
2023-06-20_21:09:06 [main] INFO  c.n.b.c.ContactIdentityServiceApplicationTests - No active profile set, falling back to 1 default profile: "default"
2023-06-20_21:09:06 [main] INFO  o.s.d.r.c.RepositoryConfigurationDelegate - Bootstrapping Spring Data JPA repositories in DEFAULT mode.
2023-06-20_21:09:06 [main] INFO  o.s.d.r.c.RepositoryConfigurationDelegate - Finished Spring Data repository scanning in 149 ms. Found 1 JPA repository interfaces.
2023-06-20_21:09:06 [main] INFO  com.zaxxer.hikari.HikariDataSource - HikariPool-1 - Starting...
2023-06-20_21:09:06 [main] INFO  com.zaxxer.hikari.HikariDataSource - HikariPool-1 - Start completed.
2023-06-20_21:09:06 [main] INFO  o.s.o.j.LocalContainerEntityManagerFactoryBean - Initialized JPA EntityManagerFactory for persistence unit 'default'
2023-06-20_21:09:06 [main] INFO  o.s.b.a.h.H2ConsoleAutoConfiguration - H2 console available at '/db'. Database available at 'jdbc:h2:mem:contactDB'
2023-06-20_21:09:06 [main] INFO  o.s.b.a.e.web.EndpointLinksResolver - Exposing 1 endpoint(s) beneath base path '/actuator'
2023-06-20_21:09:06 [main] INFO  c.n.b.c.ContactIdentityServiceApplicationTests - Started ContactIdentityServiceApplicationTests in 15.845 seconds (JVM running for 18.123)
2023-06-20_21:09:06 [SpringApplicationShutdownHook] INFO  o.s.o.j.LocalContainerEntityManagerFactoryBean - Closing JPA EntityManagerFactory for persistence unit 'default'
2023-06-20_21:09:06 [SpringApplicationShutdownHook] INFO  com.zaxxer.hikari.HikariDataSource - HikariPool-1 - Shutdown initiated...
2023-06-20_21:09:06 [SpringApplicationShutdownHook] INFO  com.zaxxer.hikari.HikariDataSource - HikariPool-1 - Shutdown completed.
2023-06-20_21:28:38 [main] INFO  o.s.b.t.c.SpringBootTestContextBootstrapper - Neither @ContextConfiguration nor @ContextHierarchy found for test class [com.neha.bitespeed.contactIdentity.ContactIdentityServiceApplicationTests], using SpringBootContextLoader
2023-06-20_21:28:38 [main] INFO  o.s.t.c.s.AbstractContextLoader - Could not detect default resource locations for test class [com.neha.bitespeed.contactIdentity.ContactIdentityServiceApplicationTests]: no resource found for suffixes {-context.xml, Context.groovy}.
2023-06-20_21:28:38 [main] INFO  o.s.t.c.s.AnnotationConfigContextLoaderUtils - Could not detect default configuration classes for test class [com.neha.bitespeed.contactIdentity.ContactIdentityServiceApplicationTests]: ContactIdentityServiceApplicationTests does not declare any static, non-private, non-final, nested classes annotated with @Configuration.
2023-06-20_21:28:38 [main] INFO  o.s.b.t.c.SpringBootTestContextBootstrapper - Found @SpringBootConfiguration com.neha.bitespeed.contactIdentity.ContactIdentityServiceApplication for test class com.neha.bitespeed.contactIdentity.ContactIdentityServiceApplicationTests
2023-06-20_21:28:38 [main] INFO  o.s.b.t.c.SpringBootTestContextBootstrapper - Loaded default TestExecutionListener class names from location [META-INF/spring.factories]: [org.springframework.boot.test.mock.mockito.MockitoTestExecutionListener, org.springframework.boot.test.mock.mockito.ResetMocksTestExecutionListener, org.springframework.boot.test.autoconfigure.restdocs.RestDocsTestExecutionListener, org.springframework.boot.test.autoconfigure.web.client.MockRestServiceServerResetTestExecutionListener, org.springframework.boot.test.autoconfigure.web.servlet.MockMvcPrintOnlyOnFailureTestExecutionListener, org.springframework.boot.test.autoconfigure.web.servlet.WebDriverTestExecutionListener, org.springframework.boot.test.autoconfigure.webservices.client.MockWebServiceServerTestExecutionListener, org.springframework.test.context.web.ServletTestExecutionListener, org.springframework.test.context.support.DirtiesContextBeforeModesTestExecutionListener, org.springframework.test.context.event.ApplicationEventsTestExecutionListener, org.springframework.test.context.support.DependencyInjectionTestExecutionListener, org.springframework.test.context.support.DirtiesContextTestExecutionListener, org.springframework.test.context.transaction.TransactionalTestExecutionListener, org.springframework.test.context.jdbc.SqlScriptsTestExecutionListener, org.springframework.test.context.event.EventPublishingTestExecutionListener]
2023-06-20_21:28:38 [main] INFO  o.s.b.t.c.SpringBootTestContextBootstrapper - Using TestExecutionListeners: [org.springframework.test.context.web.ServletTestExecutionListener@770d4269, org.springframework.test.context.support.DirtiesContextBeforeModesTestExecutionListener@4a8ab068, org.springframework.test.context.event.ApplicationEventsTestExecutionListener@1922e6d, org.springframework.boot.test.mock.mockito.MockitoTestExecutionListener@76a82f33, org.springframework.boot.test.autoconfigure.SpringBootDependencyInjectionTestExecutionListener@6bab2585, org.springframework.test.context.support.DirtiesContextTestExecutionListener@74bdc168, org.springframework.test.context.transaction.TransactionalTestExecutionListener@644c78d4, org.springframework.test.context.jdbc.SqlScriptsTestExecutionListener@532a02d9, org.springframework.test.context.event.EventPublishingTestExecutionListener@611f8234, org.springframework.boot.test.mock.mockito.ResetMocksTestExecutionListener@7bb3a9fe, org.springframework.boot.test.autoconfigure.restdocs.RestDocsTestExecutionListener@7cbee484, org.springframework.boot.test.autoconfigure.web.client.MockRestServiceServerResetTestExecutionListener@7f811d00, org.springframework.boot.test.autoconfigure.web.servlet.MockMvcPrintOnlyOnFailureTestExecutionListener@62923ee6, org.springframework.boot.test.autoconfigure.web.servlet.WebDriverTestExecutionListener@4089713, org.springframework.boot.test.autoconfigure.webservices.client.MockWebServiceServerTestExecutionListener@f19c9d2]
2023-06-20_21:28:39 [main] INFO  c.n.b.c.ContactIdentityServiceApplicationTests - Starting ContactIdentityServiceApplicationTests using Java 11.0.9 on LAPTOP-M0KEA9MF with PID 3884 (started by HP in D:\Neha\BiteSpeed\contact-identity-service)
2023-06-20_21:28:39 [main] INFO  c.n.b.c.ContactIdentityServiceApplicationTests - No active profile set, falling back to 1 default profile: "default"
2023-06-20_21:28:39 [main] INFO  o.s.d.r.c.RepositoryConfigurationDelegate - Bootstrapping Spring Data JPA repositories in DEFAULT mode.
2023-06-20_21:28:39 [main] INFO  o.s.d.r.c.RepositoryConfigurationDelegate - Finished Spring Data repository scanning in 90 ms. Found 1 JPA repository interfaces.
2023-06-20_21:28:39 [main] INFO  com.zaxxer.hikari.HikariDataSource - HikariPool-1 - Starting...
2023-06-20_21:28:39 [main] INFO  com.zaxxer.hikari.HikariDataSource - HikariPool-1 - Start completed.
2023-06-20_21:28:39 [main] INFO  o.s.o.j.LocalContainerEntityManagerFactoryBean - Initialized JPA EntityManagerFactory for persistence unit 'default'
2023-06-20_21:28:39 [main] INFO  o.s.b.a.h.H2ConsoleAutoConfiguration - H2 console available at '/db'. Database available at 'jdbc:h2:mem:contactDB'
2023-06-20_21:28:39 [main] INFO  o.s.b.a.e.web.EndpointLinksResolver - Exposing 1 endpoint(s) beneath base path '/actuator'
2023-06-20_21:28:39 [main] INFO  c.n.b.c.ContactIdentityServiceApplicationTests - Started ContactIdentityServiceApplicationTests in 14.254 seconds (JVM running for 15.958)
2023-06-20_21:28:39 [SpringApplicationShutdownHook] INFO  o.s.o.j.LocalContainerEntityManagerFactoryBean - Closing JPA EntityManagerFactory for persistence unit 'default'
2023-06-20_21:28:39 [SpringApplicationShutdownHook] INFO  com.zaxxer.hikari.HikariDataSource - HikariPool-1 - Shutdown initiated...
2023-06-20_21:28:39 [SpringApplicationShutdownHook] INFO  com.zaxxer.hikari.HikariDataSource - HikariPool-1 - Shutdown completed.
2023-06-20_21:29:27 [main] INFO  o.s.b.t.c.SpringBootTestContextBootstrapper - Neither @ContextConfiguration nor @ContextHierarchy found for test class [com.neha.bitespeed.contactIdentity.ContactIdentityServiceApplicationTests], using SpringBootContextLoader
2023-06-20_21:29:27 [main] INFO  o.s.t.c.s.AbstractContextLoader - Could not detect default resource locations for test class [com.neha.bitespeed.contactIdentity.ContactIdentityServiceApplicationTests]: no resource found for suffixes {-context.xml, Context.groovy}.
2023-06-20_21:29:27 [main] INFO  o.s.t.c.s.AnnotationConfigContextLoaderUtils - Could not detect default configuration classes for test class [com.neha.bitespeed.contactIdentity.ContactIdentityServiceApplicationTests]: ContactIdentityServiceApplicationTests does not declare any static, non-private, non-final, nested classes annotated with @Configuration.
2023-06-20_21:29:27 [main] INFO  o.s.b.t.c.SpringBootTestContextBootstrapper - Found @SpringBootConfiguration com.neha.bitespeed.contactIdentity.ContactIdentityServiceApplication for test class com.neha.bitespeed.contactIdentity.ContactIdentityServiceApplicationTests
2023-06-20_21:29:27 [main] INFO  o.s.b.t.c.SpringBootTestContextBootstrapper - Loaded default TestExecutionListener class names from location [META-INF/spring.factories]: [org.springframework.boot.test.mock.mockito.MockitoTestExecutionListener, org.springframework.boot.test.mock.mockito.ResetMocksTestExecutionListener, org.springframework.boot.test.autoconfigure.restdocs.RestDocsTestExecutionListener, org.springframework.boot.test.autoconfigure.web.client.MockRestServiceServerResetTestExecutionListener, org.springframework.boot.test.autoconfigure.web.servlet.MockMvcPrintOnlyOnFailureTestExecutionListener, org.springframework.boot.test.autoconfigure.web.servlet.WebDriverTestExecutionListener, org.springframework.boot.test.autoconfigure.webservices.client.MockWebServiceServerTestExecutionListener, org.springframework.test.context.web.ServletTestExecutionListener, org.springframework.test.context.support.DirtiesContextBeforeModesTestExecutionListener, org.springframework.test.context.event.ApplicationEventsTestExecutionListener, org.springframework.test.context.support.DependencyInjectionTestExecutionListener, org.springframework.test.context.support.DirtiesContextTestExecutionListener, org.springframework.test.context.transaction.TransactionalTestExecutionListener, org.springframework.test.context.jdbc.SqlScriptsTestExecutionListener, org.springframework.test.context.event.EventPublishingTestExecutionListener]
2023-06-20_21:29:27 [main] INFO  o.s.b.t.c.SpringBootTestContextBootstrapper - Using TestExecutionListeners: [org.springframework.test.context.web.ServletTestExecutionListener@770d4269, org.springframework.test.context.support.DirtiesContextBeforeModesTestExecutionListener@4a8ab068, org.springframework.test.context.event.ApplicationEventsTestExecutionListener@1922e6d, org.springframework.boot.test.mock.mockito.MockitoTestExecutionListener@76a82f33, org.springframework.boot.test.autoconfigure.SpringBootDependencyInjectionTestExecutionListener@6bab2585, org.springframework.test.context.support.DirtiesContextTestExecutionListener@74bdc168, org.springframework.test.context.transaction.TransactionalTestExecutionListener@644c78d4, org.springframework.test.context.jdbc.SqlScriptsTestExecutionListener@532a02d9, org.springframework.test.context.event.EventPublishingTestExecutionListener@611f8234, org.springframework.boot.test.mock.mockito.ResetMocksTestExecutionListener@7bb3a9fe, org.springframework.boot.test.autoconfigure.restdocs.RestDocsTestExecutionListener@7cbee484, org.springframework.boot.test.autoconfigure.web.client.MockRestServiceServerResetTestExecutionListener@7f811d00, org.springframework.boot.test.autoconfigure.web.servlet.MockMvcPrintOnlyOnFailureTestExecutionListener@62923ee6, org.springframework.boot.test.autoconfigure.web.servlet.WebDriverTestExecutionListener@4089713, org.springframework.boot.test.autoconfigure.webservices.client.MockWebServiceServerTestExecutionListener@f19c9d2]
2023-06-20_21:29:28 [main] INFO  c.n.b.c.ContactIdentityServiceApplicationTests - Starting ContactIdentityServiceApplicationTests using Java 11.0.9 on LAPTOP-M0KEA9MF with PID 12820 (started by HP in D:\Neha\BiteSpeed\contact-identity-service)
2023-06-20_21:29:28 [main] INFO  c.n.b.c.ContactIdentityServiceApplicationTests - No active profile set, falling back to 1 default profile: "default"
2023-06-20_21:29:28 [main] INFO  o.s.d.r.c.RepositoryConfigurationDelegate - Bootstrapping Spring Data JPA repositories in DEFAULT mode.
2023-06-20_21:29:28 [main] INFO  o.s.d.r.c.RepositoryConfigurationDelegate - Finished Spring Data repository scanning in 105 ms. Found 1 JPA repository interfaces.
2023-06-20_21:29:28 [main] INFO  com.zaxxer.hikari.HikariDataSource - HikariPool-1 - Starting...
2023-06-20_21:29:28 [main] INFO  com.zaxxer.hikari.HikariDataSource - HikariPool-1 - Start completed.
2023-06-20_21:29:28 [main] INFO  o.s.o.j.LocalContainerEntityManagerFactoryBean - Initialized JPA EntityManagerFactory for persistence unit 'default'
2023-06-20_21:29:28 [main] INFO  o.s.b.a.h.H2ConsoleAutoConfiguration - H2 console available at '/db'. Database available at 'jdbc:h2:mem:contactDB'
2023-06-20_21:29:28 [main] INFO  o.s.b.a.e.web.EndpointLinksResolver - Exposing 1 endpoint(s) beneath base path '/actuator'
2023-06-20_21:29:28 [main] INFO  c.n.b.c.ContactIdentityServiceApplicationTests - Started ContactIdentityServiceApplicationTests in 10.447 seconds (JVM running for 12.216)
2023-06-20_21:29:28 [SpringApplicationShutdownHook] INFO  o.s.o.j.LocalContainerEntityManagerFactoryBean - Closing JPA EntityManagerFactory for persistence unit 'default'
2023-06-20_21:29:28 [SpringApplicationShutdownHook] INFO  com.zaxxer.hikari.HikariDataSource - HikariPool-1 - Shutdown initiated...
2023-06-20_21:29:28 [SpringApplicationShutdownHook] INFO  com.zaxxer.hikari.HikariDataSource - HikariPool-1 - Shutdown completed.
